find_library: checking for rd_kafka_topic_name() in -lrdkafka... -------------------- yes

"gcc -o conftest -I/usr/lib/shopify-ruby/2.1.0-github/include/ruby-2.1.0/x86_64-linux -I/usr/lib/shopify-ruby/2.1.0-github/include/ruby-2.1.0/ruby/backward -I/usr/lib/shopify-ruby/2.1.0-github/include/ruby-2.1.0 -I. -I/opt/local/include -I/usr/local/include -I/usr/lib/shopify-ruby/2.1.0-github/include -I/usr/include     -O3 -fno-fast-math -ggdb3 -Wall -Wextra -Wno-unused-parameter -Wno-parentheses -Wno-long-long -Wno-missing-field-initializers -Wunused-variable -Wpointer-arith -Wwrite-strings -Wdeclaration-after-statement -Wimplicit-function-declaration conftest.c  -L. -L/usr/lib/shopify-ruby/2.1.0-github/lib -Wl,-R/usr/lib/shopify-ruby/2.1.0-github/lib -L/opt/local/lib -Wl,-R/opt/local/lib -L/usr/local/lib -Wl,-R/usr/local/lib -L/usr/lib/shopify-ruby/2.1.0-github/lib -Wl,-R/usr/lib/shopify-ruby/2.1.0-github/lib -L/usr/lib -Wl,-R/usr/lib -L. -fstack-protector -rdynamic -Wl,-export-dynamic     -Wl,-R -Wl,/usr/lib/shopify-ruby/2.1.0-github/lib -L/usr/lib/shopify-ruby/2.1.0-github/lib -lruby-static  -lpthread -lrt -ldl -lcrypt -lm   -lc"
checked program was:
/* begin */
1: #include "ruby.h"
2: 
3: int main(int argc, char **argv)
4: {
5:   return 0;
6: }
/* end */

"gcc -o conftest -I/usr/lib/shopify-ruby/2.1.0-github/include/ruby-2.1.0/x86_64-linux -I/usr/lib/shopify-ruby/2.1.0-github/include/ruby-2.1.0/ruby/backward -I/usr/lib/shopify-ruby/2.1.0-github/include/ruby-2.1.0 -I. -I/opt/local/include -I/usr/local/include -I/usr/lib/shopify-ruby/2.1.0-github/include -I/usr/include     -O3 -fno-fast-math -ggdb3 -Wall -Wextra -Wno-unused-parameter -Wno-parentheses -Wno-long-long -Wno-missing-field-initializers -Wunused-variable -Wpointer-arith -Wwrite-strings -Wdeclaration-after-statement -Wimplicit-function-declaration conftest.c  -L. -L/usr/lib/shopify-ruby/2.1.0-github/lib -Wl,-R/usr/lib/shopify-ruby/2.1.0-github/lib -L/opt/local/lib -Wl,-R/opt/local/lib -L/usr/local/lib -Wl,-R/usr/local/lib -L/usr/lib/shopify-ruby/2.1.0-github/lib -Wl,-R/usr/lib/shopify-ruby/2.1.0-github/lib -L/usr/lib -Wl,-R/usr/lib -L. -fstack-protector -rdynamic -Wl,-export-dynamic     -Wl,-R -Wl,/usr/lib/shopify-ruby/2.1.0-github/lib -L/usr/lib/shopify-ruby/2.1.0-github/lib -lruby-static -lrdkafka  -lpthread -lrt -ldl -lcrypt -lm   -lc"
conftest.c: In function ‘t’:
conftest.c:13:57: error: ‘rd_kafka_topic_name’ undeclared (first use in this function)
conftest.c:13:57: note: each undeclared identifier is reported only once for each function it appears in
conftest.c:13:32: warning: variable ‘p’ set but not used [-Wunused-but-set-variable]
checked program was:
/* begin */
 1: #include "ruby.h"
 2: 
 3: /*top*/
 4: extern int t(void);
 5: int main(int argc, char **argv)
 6: {
 7:   if (argc > 1000000) {
 8:     printf("%p", &t);
 9:   }
10: 
11:   return 0;
12: }
13: int t(void) { void ((*volatile p)()); p = (void ((*)()))rd_kafka_topic_name; return 0; }
/* end */

"gcc -o conftest -I/usr/lib/shopify-ruby/2.1.0-github/include/ruby-2.1.0/x86_64-linux -I/usr/lib/shopify-ruby/2.1.0-github/include/ruby-2.1.0/ruby/backward -I/usr/lib/shopify-ruby/2.1.0-github/include/ruby-2.1.0 -I. -I/opt/local/include -I/usr/local/include -I/usr/lib/shopify-ruby/2.1.0-github/include -I/usr/include     -O3 -fno-fast-math -ggdb3 -Wall -Wextra -Wno-unused-parameter -Wno-parentheses -Wno-long-long -Wno-missing-field-initializers -Wunused-variable -Wpointer-arith -Wwrite-strings -Wdeclaration-after-statement -Wimplicit-function-declaration conftest.c  -L. -L/usr/lib/shopify-ruby/2.1.0-github/lib -Wl,-R/usr/lib/shopify-ruby/2.1.0-github/lib -L/opt/local/lib -Wl,-R/opt/local/lib -L/usr/local/lib -Wl,-R/usr/local/lib -L/usr/lib/shopify-ruby/2.1.0-github/lib -Wl,-R/usr/lib/shopify-ruby/2.1.0-github/lib -L/usr/lib -Wl,-R/usr/lib -L. -fstack-protector -rdynamic -Wl,-export-dynamic     -Wl,-R -Wl,/usr/lib/shopify-ruby/2.1.0-github/lib -L/usr/lib/shopify-ruby/2.1.0-github/lib -lruby-static -lrdkafka  -lpthread -lrt -ldl -lcrypt -lm   -lc"
conftest.c: In function ‘t’:
conftest.c:13:1: warning: implicit declaration of function ‘rd_kafka_topic_name’ [-Wimplicit-function-declaration]
checked program was:
/* begin */
 1: #include "ruby.h"
 2: 
 3: /*top*/
 4: extern int t(void);
 5: int main(int argc, char **argv)
 6: {
 7:   if (argc > 1000000) {
 8:     printf("%p", &t);
 9:   }
10: 
11:   return 0;
12: }
13: int t(void) { rd_kafka_topic_name(); return 0; }
/* end */

--------------------

find_header: checking for librdkafka/rdkafka.h... -------------------- yes

"gcc -E -I/usr/lib/shopify-ruby/2.1.0-github/include/ruby-2.1.0/x86_64-linux -I/usr/lib/shopify-ruby/2.1.0-github/include/ruby-2.1.0/ruby/backward -I/usr/lib/shopify-ruby/2.1.0-github/include/ruby-2.1.0 -I. -I/opt/local/include -I/usr/local/include -I/usr/lib/shopify-ruby/2.1.0-github/include -I/usr/include     -O3 -fno-fast-math -ggdb3 -Wall -Wextra -Wno-unused-parameter -Wno-parentheses -Wno-long-long -Wno-missing-field-initializers -Wunused-variable -Wpointer-arith -Wwrite-strings -Wdeclaration-after-statement -Wimplicit-function-declaration  conftest.c -o conftest.i"
checked program was:
/* begin */
1: #include "ruby.h"
2: 
3: #include <librdkafka/rdkafka.h>
/* end */

--------------------

